<?xml version="1.0" encoding="UTF-8"?>
<!-- Generated by org.testng.reporters.JUnitReportReporter -->
<testsuite hostname="CBT-MH-000" name="Auto.Phptravels.logintest" tests="1" failures="0" timestamp="15 Oct 2019 04:16:16 GMT" time="14.430" errors="0">
  <testcase name="userLogin" time="14.430" classname="Auto.Phptravels.logintest"/>
</testsuite> <!-- Auto.Phptravels.logintest -->
