<?xml version="1.0" encoding="UTF-8"?>
<!-- Generated by org.testng.reporters.JUnitReportReporter -->
<testsuite hostname="CBT-MH-000" name="Auto.Phptravels.Launch" tests="1" failures="0" timestamp="3 Oct 2019 11:20:39 GMT" time="13.011" errors="0">
  <testcase name="laun" time="13.011" classname="Auto.Phptravels.Launch"/>
</testsuite> <!-- Auto.Phptravels.Launch -->
