<?xml version="1.0" encoding="UTF-8"?>
<!-- Generated by org.testng.reporters.JUnitReportReporter -->
<testsuite hostname="CBT-MH-000" name="Auto.Phptravels.testcase2" tests="1" failures="0" timestamp="15 Oct 2019 03:01:56 GMT" time="27.744" errors="0">
  <testcase name="hotelSearch" time="27.744" classname="Auto.Phptravels.testcase2"/>
</testsuite> <!-- Auto.Phptravels.testcase2 -->
